<?xml version="1.0" encoding="UTF-8"?>
<coverage generated="1705673341708" clover="3.2.0">
  <project timestamp="1705673341708" name="All files">
    <metrics statements="58" coveredstatements="20" conditionals="44" coveredconditionals="8" methods="32" coveredmethods="8" elements="134" coveredelements="36" complexity="0" loc="58" ncloc="58" packages="9" files="16" classes="16"/>
    <package name="src">
      <metrics statements="2" coveredstatements="0" conditionals="0" coveredconditionals="0" methods="1" coveredmethods="0"/>
      <file name="App.jsx" path="E:\xampp3\htdocs\aafm\code\aafm-front\src\App.jsx">
        <metrics statements="1" coveredstatements="0" conditionals="0" coveredconditionals="0" methods="1" coveredmethods="0"/>
        <line num="11" count="0" type="stmt"/>
      </file>
      <file name="main.jsx" path="E:\xampp3\htdocs\aafm\code\aafm-front\src\main.jsx">
        <metrics statements="1" coveredstatements="0" conditionals="0" coveredconditionals="0" methods="0" coveredmethods="0"/>
        <line num="5" count="0" type="stmt"/>
      </file>
    </package>
    <package name="src.componant.Navbar">
      <metrics statements="11" coveredstatements="8" conditionals="6" coveredconditionals="4" methods="6" coveredmethods="3"/>
      <file name="burger.jsx" path="E:\xampp3\htdocs\aafm\code\aafm-front\src\componant\Navbar\burger.jsx">
        <metrics statements="6" coveredstatements="4" conditionals="6" coveredconditionals="4" methods="3" coveredmethods="1"/>
        <line num="3" count="1" type="stmt"/>
        <line num="4" count="1" type="stmt"/>
        <line num="5" count="1" type="stmt"/>
        <line num="6" count="0" type="stmt"/>
        <line num="9" count="1" type="stmt"/>
        <line num="23" count="0" type="stmt"/>
      </file>
      <file name="nav-desktop.jsx" path="E:\xampp3\htdocs\aafm\code\aafm-front\src\componant\Navbar\nav-desktop.jsx">
        <metrics statements="3" coveredstatements="3" conditionals="0" coveredconditionals="0" methods="2" coveredmethods="2"/>
        <line num="1" count="1" type="stmt"/>
        <line num="2" count="1" type="stmt"/>
        <line num="7" count="3" type="stmt"/>
      </file>
      <file name="nav-mobile.jsx" path="E:\xampp3\htdocs\aafm\code\aafm-front\src\componant\Navbar\nav-mobile.jsx">
        <metrics statements="2" coveredstatements="1" conditionals="0" coveredconditionals="0" methods="1" coveredmethods="0"/>
        <line num="1" count="1" type="stmt"/>
        <line num="2" count="0" type="stmt"/>
      </file>
    </package>
    <package name="src.componant.SimpleText">
      <metrics statements="4" coveredstatements="0" conditionals="6" coveredconditionals="0" methods="3" coveredmethods="0"/>
      <file name="SimpleText.jsx" path="E:\xampp3\htdocs\aafm\code\aafm-front\src\componant\SimpleText\SimpleText.jsx">
        <metrics statements="4" coveredstatements="0" conditionals="6" coveredconditionals="0" methods="3" coveredmethods="0"/>
        <line num="4" count="0" type="stmt"/>
        <line num="5" count="0" type="stmt"/>
        <line num="9" count="0" type="stmt"/>
        <line num="17" count="0" type="stmt"/>
      </file>
    </package>
    <package name="src.componant.Sliders">
      <metrics statements="22" coveredstatements="0" conditionals="20" coveredconditionals="0" methods="13" coveredmethods="0"/>
      <file name="controls.jsx" path="E:\xampp3\htdocs\aafm\code\aafm-front\src\componant\Sliders\controls.jsx">
        <metrics statements="3" coveredstatements="0" conditionals="2" coveredconditionals="0" methods="2" coveredmethods="0"/>
        <line num="4" count="0" type="stmt"/>
        <line num="5" count="0" type="stmt"/>
        <line num="11" count="0" type="stmt"/>
      </file>
      <file name="slide.jsx" path="E:\xampp3\htdocs\aafm\code\aafm-front\src\componant\Sliders\slide.jsx">
        <metrics statements="2" coveredstatements="0" conditionals="10" coveredconditionals="0" methods="1" coveredmethods="0"/>
        <line num="2" count="0" type="stmt"/>
        <line num="3" count="0" type="stmt"/>
      </file>
      <file name="slider.jsx" path="E:\xampp3\htdocs\aafm\code\aafm-front\src\componant\Sliders\slider.jsx">
        <metrics statements="14" coveredstatements="0" conditionals="6" coveredconditionals="0" methods="8" coveredmethods="0"/>
        <line num="7" count="0" type="stmt"/>
        <line num="8" count="0" type="stmt"/>
        <line num="9" count="0" type="stmt"/>
        <line num="10" count="0" type="cond" truecount="0" falsecount="2"/>
        <line num="11" count="0" type="stmt"/>
        <line num="13" count="0" type="stmt"/>
        <line num="14" count="0" type="cond" truecount="0" falsecount="2"/>
        <line num="15" count="0" type="stmt"/>
        <line num="17" count="0" type="stmt"/>
        <line num="18" count="0" type="stmt"/>
        <line num="19" count="0" type="stmt"/>
        <line num="21" count="0" type="stmt"/>
        <line num="23" count="0" type="stmt"/>
        <line num="24" count="0" type="cond" truecount="0" falsecount="2"/>
      </file>
      <file name="sliderDot.jsx" path="E:\xampp3\htdocs\aafm\code\aafm-front\src\componant\Sliders\sliderDot.jsx">
        <metrics statements="3" coveredstatements="0" conditionals="2" coveredconditionals="0" methods="2" coveredmethods="0"/>
        <line num="1" count="0" type="stmt"/>
        <line num="2" count="0" type="stmt"/>
        <line num="4" count="0" type="cond" truecount="0" falsecount="2"/>
      </file>
    </package>
    <package name="src.componant.dualColList">
      <metrics statements="3" coveredstatements="0" conditionals="8" coveredconditionals="0" methods="2" coveredmethods="0"/>
      <file name="dualColList.jsx" path="E:\xampp3\htdocs\aafm\code\aafm-front\src\componant\dualColList\dualColList.jsx">
        <metrics statements="3" coveredstatements="0" conditionals="8" coveredconditionals="0" methods="2" coveredmethods="0"/>
        <line num="2" count="0" type="stmt"/>
        <line num="3" count="0" type="stmt"/>
        <line num="12" count="0" type="stmt"/>
      </file>
    </package>
    <package name="src.componant.footer">
      <metrics statements="4" coveredstatements="4" conditionals="2" coveredconditionals="2" methods="2" coveredmethods="2"/>
      <file name="Footer.jsx" path="E:\xampp3\htdocs\aafm\code\aafm-front\src\componant\footer\Footer.jsx">
        <metrics statements="4" coveredstatements="4" conditionals="2" coveredconditionals="2" methods="2" coveredmethods="2"/>
        <line num="5" count="1" type="stmt"/>
        <line num="6" count="1" type="stmt"/>
        <line num="8" count="1" type="stmt"/>
        <line num="15" count="2" type="stmt"/>
      </file>
    </package>
    <package name="src.layout.Auth">
      <metrics statements="5" coveredstatements="5" conditionals="2" coveredconditionals="2" methods="2" coveredmethods="2"/>
      <file name="auth.jsx" path="E:\xampp3\htdocs\aafm\code\aafm-front\src\layout\Auth\auth.jsx">
        <metrics statements="5" coveredstatements="5" conditionals="2" coveredconditionals="2" methods="2" coveredmethods="2"/>
        <line num="4" count="1" type="stmt"/>
        <line num="5" count="3" type="stmt"/>
        <line num="8" count="3" type="stmt"/>
        <line num="9" count="1" type="stmt"/>
        <line num="12" count="3" type="stmt"/>
      </file>
    </package>
    <package name="src.layout.header">
      <metrics statements="3" coveredstatements="3" conditionals="0" coveredconditionals="0" methods="1" coveredmethods="1"/>
      <file name="header.jsx" path="E:\xampp3\htdocs\aafm\code\aafm-front\src\layout\header\header.jsx">
        <metrics statements="3" coveredstatements="3" conditionals="0" coveredconditionals="0" methods="1" coveredmethods="1"/>
        <line num="8" count="1" type="stmt"/>
        <line num="9" count="1" type="stmt"/>
        <line num="10" count="1" type="stmt"/>
      </file>
    </package>
    <package name="src.views">
      <metrics statements="4" coveredstatements="0" conditionals="0" coveredconditionals="0" methods="2" coveredmethods="0"/>
      <file name="content.jsx" path="E:\xampp3\htdocs\aafm\code\aafm-front\src\views\content.jsx">
        <metrics statements="2" coveredstatements="0" conditionals="0" coveredconditionals="0" methods="1" coveredmethods="0"/>
        <line num="1" count="0" type="stmt"/>
        <line num="2" count="0" type="stmt"/>
      </file>
      <file name="home.jsx" path="E:\xampp3\htdocs\aafm\code\aafm-front\src\views\home.jsx">
        <metrics statements="2" coveredstatements="0" conditionals="0" coveredconditionals="0" methods="1" coveredmethods="0"/>
        <line num="6" count="0" type="stmt"/>
        <line num="7" count="0" type="stmt"/>
      </file>
    </package>
  </project>
</coverage>
