{"E:\\xampp3\\htdocs\\aafm\\code\\aafm-front\\src\\App.jsx": {"path":"E:\\xampp3\\htdocs\\aafm\\code\\aafm-front\\src\\App.jsx","statementMap":{"0":{"start":{"line":11,"column":2},"end":{"line":24,"column":3}}},"fnMap":{"0":{"name":"App","decl":{"start":{"line":9,"column":9},"end":{"line":9,"column":12}},"loc":{"start":{"line":9,"column":15},"end":{"line":25,"column":1}},"line":9}},"branchMap":{},"s":{"0":0},"f":{"0":0},"b":{}}
,"E:\\xampp3\\htdocs\\aafm\\code\\aafm-front\\src\\main.jsx": {"path":"E:\\xampp3\\htdocs\\aafm\\code\\aafm-front\\src\\main.jsx","statementMap":{"0":{"start":{"line":5,"column":0},"end":{"line":9,"column":1}}},"fnMap":{},"branchMap":{},"s":{"0":0},"f":{},"b":{}}
,"E:\\xampp3\\htdocs\\aafm\\code\\aafm-front\\src\\componant\\Navbar\\burger.jsx": {"path":"E:\\xampp3\\htdocs\\aafm\\code\\aafm-front\\src\\componant\\Navbar\\burger.jsx","statementMap":{"0":{"start":{"line":3,"column":15},"end":{"line":32,"column":1}},"1":{"start":{"line":4,"column":34},"end":{"line":4,"column":49}},"2":{"start":{"line":5,"column":19},"end":{"line":7,"column":3}},"3":{"start":{"line":6,"column":4},"end":{"line":6,"column":26}},"4":{"start":{"line":9,"column":2},"end":{"line":31,"column":3}},"5":{"start":{"line":23,"column":38},"end":{"line":23,"column":94}}},"fnMap":{"0":{"name":"(anonymous_0)","decl":{"start":{"line":3,"column":15},"end":{"line":3,"column":16}},"loc":{"start":{"line":3,"column":33},"end":{"line":32,"column":1}},"line":3},"1":{"name":"(anonymous_1)","decl":{"start":{"line":5,"column":19},"end":{"line":5,"column":20}},"loc":{"start":{"line":5,"column":23},"end":{"line":7,"column":3}},"line":5},"2":{"name":"(anonymous_2)","decl":{"start":{"line":23,"column":30},"end":{"line":23,"column":31}},"loc":{"start":{"line":23,"column":38},"end":{"line":23,"column":94}},"line":23}},"branchMap":{"0":{"loc":{"start":{"line":11,"column":5},"end":{"line":12,"column":76}},"type":"binary-expr","locations":[{"start":{"line":11,"column":5},"end":{"line":11,"column":13}},{"start":{"line":12,"column":6},"end":{"line":12,"column":76}}],"line":11},"1":{"loc":{"start":{"line":14,"column":5},"end":{"line":15,"column":77}},"type":"binary-expr","locations":[{"start":{"line":14,"column":5},"end":{"line":14,"column":14}},{"start":{"line":15,"column":6},"end":{"line":15,"column":77}}],"line":14},"2":{"loc":{"start":{"line":17,"column":5},"end":{"line":28,"column":9}},"type":"binary-expr","locations":[{"start":{"line":17,"column":5},"end":{"line":17,"column":13}},{"start":{"line":18,"column":6},"end":{"line":28,"column":9}}],"line":17}},"s":{"0":1,"1":1,"2":1,"3":0,"4":1,"5":0},"f":{"0":1,"1":0,"2":0},"b":{"0":[1,0],"1":[1,1],"2":[1,0]},"_coverageSchema":"1a1c01bbd47fc00a2c39e90264f33305004495a9","hash":"aa64b631d8314fd7ee1e525dc22105d04574332b"}
,"E:\\xampp3\\htdocs\\aafm\\code\\aafm-front\\src\\componant\\Navbar\\nav-desktop.jsx": {"path":"E:\\xampp3\\htdocs\\aafm\\code\\aafm-front\\src\\componant\\Navbar\\nav-desktop.jsx","statementMap":{"0":{"start":{"line":1,"column":19},"end":{"line":19,"column":1}},"1":{"start":{"line":2,"column":2},"end":{"line":18,"column":3}},"2":{"start":{"line":7,"column":12},"end":{"line":13,"column":17}}},"fnMap":{"0":{"name":"(anonymous_0)","decl":{"start":{"line":1,"column":19},"end":{"line":1,"column":20}},"loc":{"start":{"line":1,"column":40},"end":{"line":19,"column":1}},"line":1},"1":{"name":"(anonymous_1)","decl":{"start":{"line":6,"column":27},"end":{"line":6,"column":28}},"loc":{"start":{"line":7,"column":12},"end":{"line":13,"column":17}},"line":7}},"branchMap":{},"s":{"0":1,"1":1,"2":3},"f":{"0":1,"1":3},"b":{},"_coverageSchema":"1a1c01bbd47fc00a2c39e90264f33305004495a9","hash":"f7b90a74250c271434a18e40f34c4bee164740d9"}
,"E:\\xampp3\\htdocs\\aafm\\code\\aafm-front\\src\\componant\\Navbar\\nav-mobile.jsx": {"path":"E:\\xampp3\\htdocs\\aafm\\code\\aafm-front\\src\\componant\\Navbar\\nav-mobile.jsx","statementMap":{"0":{"start":{"line":1,"column":12},"end":{"line":11,"column":1}},"1":{"start":{"line":2,"column":2},"end":{"line":10,"column":3}}},"fnMap":{"0":{"name":"(anonymous_0)","decl":{"start":{"line":1,"column":12},"end":{"line":1,"column":13}},"loc":{"start":{"line":1,"column":32},"end":{"line":11,"column":1}},"line":1}},"branchMap":{},"s":{"0":1,"1":0},"f":{"0":0},"b":{},"_coverageSchema":"1a1c01bbd47fc00a2c39e90264f33305004495a9","hash":"f989f5a08fc5706c0685b7a7a042553795ad2d5d"}
,"E:\\xampp3\\htdocs\\aafm\\code\\aafm-front\\src\\componant\\SimpleText\\SimpleText.jsx": {"path":"E:\\xampp3\\htdocs\\aafm\\code\\aafm-front\\src\\componant\\SimpleText\\SimpleText.jsx","statementMap":{"0":{"start":{"line":4,"column":19},"end":{"line":28,"column":1}},"1":{"start":{"line":5,"column":2},"end":{"line":27,"column":3}},"2":{"start":{"line":9,"column":10},"end":{"line":23,"column":22}},"3":{"start":{"line":17,"column":18},"end":{"line":19,"column":30}}},"fnMap":{"0":{"name":"(anonymous_0)","decl":{"start":{"line":4,"column":19},"end":{"line":4,"column":20}},"loc":{"start":{"line":4,"column":34},"end":{"line":28,"column":1}},"line":4},"1":{"name":"(anonymous_1)","decl":{"start":{"line":8,"column":21},"end":{"line":8,"column":22}},"loc":{"start":{"line":8,"column":37},"end":{"line":23,"column":23}},"line":8},"2":{"name":"(anonymous_2)","decl":{"start":{"line":16,"column":36},"end":{"line":16,"column":37}},"loc":{"start":{"line":16,"column":49},"end":{"line":20,"column":17}},"line":16}},"branchMap":{"0":{"loc":{"start":{"line":7,"column":7},"end":{"line":24,"column":9}},"type":"binary-expr","locations":[{"start":{"line":7,"column":7},"end":{"line":7,"column":15}},{"start":{"line":8,"column":8},"end":{"line":24,"column":9}}],"line":7},"1":{"loc":{"start":{"line":11,"column":13},"end":{"line":12,"column":38}},"type":"binary-expr","locations":[{"start":{"line":11,"column":13},"end":{"line":11,"column":26}},{"start":{"line":12,"column":14},"end":{"line":12,"column":38}}],"line":11},"2":{"loc":{"start":{"line":14,"column":13},"end":{"line":21,"column":24}},"type":"binary-expr","locations":[{"start":{"line":14,"column":13},"end":{"line":14,"column":27}},{"start":{"line":15,"column":14},"end":{"line":21,"column":24}}],"line":14}},"s":{"0":0,"1":0,"2":0,"3":0},"f":{"0":0,"1":0,"2":0},"b":{"0":[0,0],"1":[0,0],"2":[0,0]}}
,"E:\\xampp3\\htdocs\\aafm\\code\\aafm-front\\src\\componant\\Sliders\\controls.jsx": {"path":"E:\\xampp3\\htdocs\\aafm\\code\\aafm-front\\src\\componant\\Sliders\\controls.jsx","statementMap":{"0":{"start":{"line":4,"column":17},"end":{"line":16,"column":1}},"1":{"start":{"line":5,"column":2},"end":{"line":15,"column":3}},"2":{"start":{"line":11,"column":32},"end":{"line":11,"column":97}}},"fnMap":{"0":{"name":"(anonymous_0)","decl":{"start":{"line":4,"column":17},"end":{"line":4,"column":18}},"loc":{"start":{"line":4,"column":58},"end":{"line":16,"column":1}},"line":4},"1":{"name":"(anonymous_1)","decl":{"start":{"line":11,"column":21},"end":{"line":11,"column":22}},"loc":{"start":{"line":11,"column":32},"end":{"line":11,"column":97}},"line":11}},"branchMap":{"0":{"loc":{"start":{"line":10,"column":9},"end":{"line":11,"column":98}},"type":"binary-expr","locations":[{"start":{"line":10,"column":9},"end":{"line":10,"column":15}},{"start":{"line":11,"column":10},"end":{"line":11,"column":98}}],"line":10}},"s":{"0":0,"1":0,"2":0},"f":{"0":0,"1":0},"b":{"0":[0,0]}}
,"E:\\xampp3\\htdocs\\aafm\\code\\aafm-front\\src\\componant\\Sliders\\slide.jsx": {"path":"E:\\xampp3\\htdocs\\aafm\\code\\aafm-front\\src\\componant\\Sliders\\slide.jsx","statementMap":{"0":{"start":{"line":2,"column":14},"end":{"line":18,"column":1}},"1":{"start":{"line":3,"column":2},"end":{"line":17,"column":3}}},"fnMap":{"0":{"name":"(anonymous_0)","decl":{"start":{"line":2,"column":14},"end":{"line":2,"column":15}},"loc":{"start":{"line":2,"column":62},"end":{"line":18,"column":1}},"line":2}},"branchMap":{"0":{"loc":{"start":{"line":4,"column":21},"end":{"line":4,"column":55}},"type":"cond-expr","locations":[{"start":{"line":4,"column":28},"end":{"line":4,"column":42}},{"start":{"line":4,"column":43},"end":{"line":4,"column":55}}],"line":4},"1":{"loc":{"start":{"line":5,"column":24},"end":{"line":5,"column":34}},"type":"cond-expr","locations":[{"start":{"line":5,"column":28},"end":{"line":5,"column":31}},{"start":{"line":5,"column":32},"end":{"line":5,"column":34}}],"line":5},"2":{"loc":{"start":{"line":6,"column":5},"end":{"line":14,"column":19}},"type":"binary-expr","locations":[{"start":{"line":6,"column":5},"end":{"line":6,"column":17}},{"start":{"line":7,"column":6},"end":{"line":14,"column":19}}],"line":6},"3":{"loc":{"start":{"line":8,"column":9},"end":{"line":9,"column":26}},"type":"binary-expr","locations":[{"start":{"line":8,"column":9},"end":{"line":8,"column":14}},{"start":{"line":9,"column":10},"end":{"line":9,"column":26}}],"line":8},"4":{"loc":{"start":{"line":11,"column":9},"end":{"line":12,"column":23}},"type":"binary-expr","locations":[{"start":{"line":11,"column":9},"end":{"line":11,"column":13}},{"start":{"line":12,"column":10},"end":{"line":12,"column":23}}],"line":11}},"s":{"0":0,"1":0},"f":{"0":0},"b":{"0":[0,0],"1":[0,0],"2":[0,0],"3":[0,0],"4":[0,0]}}
,"E:\\xampp3\\htdocs\\aafm\\code\\aafm-front\\src\\componant\\Sliders\\slider.jsx": {"path":"E:\\xampp3\\htdocs\\aafm\\code\\aafm-front\\src\\componant\\Sliders\\slider.jsx","statementMap":{"0":{"start":{"line":7,"column":15},"end":{"line":27,"column":1}},"1":{"start":{"line":8,"column":39},"end":{"line":8,"column":50}},"2":{"start":{"line":9,"column":25},"end":{"line":12,"column":3}},"3":{"start":{"line":10,"column":4},"end":{"line":11,"column":40}},"4":{"start":{"line":10,"column":27},"end":{"line":10,"column":45}},"5":{"start":{"line":11,"column":9},"end":{"line":11,"column":40}},"6":{"start":{"line":13,"column":21},"end":{"line":16,"column":3}},"7":{"start":{"line":14,"column":4},"end":{"line":15,"column":27}},"8":{"start":{"line":14,"column":42},"end":{"line":14,"column":73}},"9":{"start":{"line":15,"column":9},"end":{"line":15,"column":27}},"10":{"start":{"line":17,"column":27},"end":{"line":20,"column":3}},"11":{"start":{"line":18,"column":4},"end":{"line":18,"column":39}},"12":{"start":{"line":19,"column":4},"end":{"line":19,"column":23}},"13":{"start":{"line":21,"column":2},"end":{"line":26,"column":3}},"14":{"start":{"line":23,"column":26},"end":{"line":23,"column":38}},"15":{"start":{"line":23,"column":50},"end":{"line":23,"column":66}},"16":{"start":{"line":23,"column":121},"end":{"line":23,"column":137}},"17":{"start":{"line":24,"column":33},"end":{"line":24,"column":191}}},"fnMap":{"0":{"name":"(anonymous_0)","decl":{"start":{"line":7,"column":15},"end":{"line":7,"column":16}},"loc":{"start":{"line":7,"column":27},"end":{"line":27,"column":1}},"line":7},"1":{"name":"(anonymous_1)","decl":{"start":{"line":9,"column":25},"end":{"line":9,"column":26}},"loc":{"start":{"line":9,"column":29},"end":{"line":12,"column":3}},"line":9},"2":{"name":"(anonymous_2)","decl":{"start":{"line":13,"column":21},"end":{"line":13,"column":22}},"loc":{"start":{"line":13,"column":25},"end":{"line":16,"column":3}},"line":13},"3":{"name":"(anonymous_3)","decl":{"start":{"line":17,"column":27},"end":{"line":17,"column":28}},"loc":{"start":{"line":17,"column":34},"end":{"line":20,"column":3}},"line":17},"4":{"name":"(anonymous_4)","decl":{"start":{"line":23,"column":22},"end":{"line":23,"column":23}},"loc":{"start":{"line":23,"column":26},"end":{"line":23,"column":38}},"line":23},"5":{"name":"(anonymous_5)","decl":{"start":{"line":23,"column":46},"end":{"line":23,"column":47}},"loc":{"start":{"line":23,"column":50},"end":{"line":23,"column":66}},"line":23},"6":{"name":"(anonymous_6)","decl":{"start":{"line":23,"column":117},"end":{"line":23,"column":118}},"loc":{"start":{"line":23,"column":121},"end":{"line":23,"column":137}},"line":23},"7":{"name":"(anonymous_7)","decl":{"start":{"line":24,"column":19},"end":{"line":24,"column":20}},"loc":{"start":{"line":24,"column":32},"end":{"line":24,"column":192}},"line":24}},"branchMap":{"0":{"loc":{"start":{"line":10,"column":4},"end":{"line":11,"column":40}},"type":"if","locations":[{"start":{"line":10,"column":4},"end":{"line":11,"column":40}},{"start":{"line":11,"column":9},"end":{"line":11,"column":40}}],"line":10},"1":{"loc":{"start":{"line":14,"column":4},"end":{"line":15,"column":27}},"type":"if","locations":[{"start":{"line":14,"column":4},"end":{"line":15,"column":27}},{"start":{"line":15,"column":9},"end":{"line":15,"column":27}}],"line":14},"2":{"loc":{"start":{"line":24,"column":160},"end":{"line":24,"column":187}},"type":"cond-expr","locations":[{"start":{"line":24,"column":177},"end":{"line":24,"column":181}},{"start":{"line":24,"column":182},"end":{"line":24,"column":187}}],"line":24}},"s":{"0":0,"1":0,"2":0,"3":0,"4":0,"5":0,"6":0,"7":0,"8":0,"9":0,"10":0,"11":0,"12":0,"13":0,"14":0,"15":0,"16":0,"17":0},"f":{"0":0,"1":0,"2":0,"3":0,"4":0,"5":0,"6":0,"7":0},"b":{"0":[0,0],"1":[0,0],"2":[0,0]}}
,"E:\\xampp3\\htdocs\\aafm\\code\\aafm-front\\src\\componant\\Sliders\\sliderDot.jsx": {"path":"E:\\xampp3\\htdocs\\aafm\\code\\aafm-front\\src\\componant\\Sliders\\sliderDot.jsx","statementMap":{"0":{"start":{"line":1,"column":18},"end":{"line":7,"column":1}},"1":{"start":{"line":2,"column":2},"end":{"line":6,"column":3}},"2":{"start":{"line":4,"column":25},"end":{"line":4,"column":38}}},"fnMap":{"0":{"name":"(anonymous_0)","decl":{"start":{"line":1,"column":18},"end":{"line":1,"column":19}},"loc":{"start":{"line":1,"column":44},"end":{"line":7,"column":1}},"line":1},"1":{"name":"(anonymous_1)","decl":{"start":{"line":4,"column":21},"end":{"line":4,"column":22}},"loc":{"start":{"line":4,"column":25},"end":{"line":4,"column":38}},"line":4}},"branchMap":{"0":{"loc":{"start":{"line":4,"column":51},"end":{"line":4,"column":73}},"type":"cond-expr","locations":[{"start":{"line":4,"column":62},"end":{"line":4,"column":70}},{"start":{"line":4,"column":71},"end":{"line":4,"column":73}}],"line":4}},"s":{"0":0,"1":0,"2":0},"f":{"0":0,"1":0},"b":{"0":[0,0]}}
,"E:\\xampp3\\htdocs\\aafm\\code\\aafm-front\\src\\componant\\dualColList\\dualColList.jsx": {"path":"E:\\xampp3\\htdocs\\aafm\\code\\aafm-front\\src\\componant\\dualColList\\dualColList.jsx","statementMap":{"0":{"start":{"line":2,"column":20},"end":{"line":28,"column":1}},"1":{"start":{"line":3,"column":2},"end":{"line":27,"column":3}},"2":{"start":{"line":12,"column":14},"end":{"line":21,"column":15}}},"fnMap":{"0":{"name":"(anonymous_0)","decl":{"start":{"line":2,"column":20},"end":{"line":2,"column":21}},"loc":{"start":{"line":2,"column":41},"end":{"line":28,"column":1}},"line":2},"1":{"name":"(anonymous_1)","decl":{"start":{"line":11,"column":26},"end":{"line":11,"column":27}},"loc":{"start":{"line":11,"column":38},"end":{"line":22,"column":13}},"line":11}},"branchMap":{"0":{"loc":{"start":{"line":5,"column":7},"end":{"line":24,"column":14}},"type":"binary-expr","locations":[{"start":{"line":5,"column":7},"end":{"line":5,"column":15}},{"start":{"line":6,"column":8},"end":{"line":24,"column":14}}],"line":5},"1":{"loc":{"start":{"line":7,"column":11},"end":{"line":8,"column":28}},"type":"binary-expr","locations":[{"start":{"line":7,"column":11},"end":{"line":7,"column":16}},{"start":{"line":8,"column":12},"end":{"line":8,"column":28}}],"line":7},"2":{"loc":{"start":{"line":14,"column":19},"end":{"line":15,"column":58}},"type":"binary-expr","locations":[{"start":{"line":14,"column":19},"end":{"line":14,"column":28}},{"start":{"line":15,"column":20},"end":{"line":15,"column":58}}],"line":14},"3":{"loc":{"start":{"line":17,"column":19},"end":{"line":18,"column":47}},"type":"binary-expr","locations":[{"start":{"line":17,"column":19},"end":{"line":17,"column":29}},{"start":{"line":18,"column":20},"end":{"line":18,"column":47}}],"line":17}},"s":{"0":0,"1":0,"2":0},"f":{"0":0,"1":0},"b":{"0":[0,0],"1":[0,0],"2":[0,0],"3":[0,0]}}
,"E:\\xampp3\\htdocs\\aafm\\code\\aafm-front\\src\\componant\\footer\\Footer.jsx": {"path":"E:\\xampp3\\htdocs\\aafm\\code\\aafm-front\\src\\componant\\footer\\Footer.jsx","statementMap":{"0":{"start":{"line":5,"column":15},"end":{"line":60,"column":1}},"1":{"start":{"line":6,"column":16},"end":{"line":6,"column":67}},"2":{"start":{"line":8,"column":2},"end":{"line":59,"column":3}},"3":{"start":{"line":15,"column":16},"end":{"line":21,"column":21}}},"fnMap":{"0":{"name":"(anonymous_0)","decl":{"start":{"line":5,"column":15},"end":{"line":5,"column":16}},"loc":{"start":{"line":5,"column":20},"end":{"line":60,"column":1}},"line":5},"1":{"name":"(anonymous_1)","decl":{"start":{"line":14,"column":24},"end":{"line":14,"column":25}},"loc":{"start":{"line":15,"column":16},"end":{"line":21,"column":21}},"line":15}},"branchMap":{"0":{"loc":{"start":{"line":13,"column":13},"end":{"line":22,"column":15}},"type":"binary-expr","locations":[{"start":{"line":13,"column":13},"end":{"line":13,"column":18}},{"start":{"line":14,"column":14},"end":{"line":22,"column":15}}],"line":13}},"s":{"0":1,"1":1,"2":1,"3":2},"f":{"0":1,"1":2},"b":{"0":[1,1]},"_coverageSchema":"1a1c01bbd47fc00a2c39e90264f33305004495a9","hash":"43f0a406b8a96d1ee6def25bfd3a694e53242e8a"}
,"E:\\xampp3\\htdocs\\aafm\\code\\aafm-front\\src\\layout\\Auth\\auth.jsx": {"path":"E:\\xampp3\\htdocs\\aafm\\code\\aafm-front\\src\\layout\\Auth\\auth.jsx","statementMap":{"0":{"start":{"line":4,"column":19},"end":{"line":25,"column":1}},"1":{"start":{"line":5,"column":46},"end":{"line":5,"column":60}},"2":{"start":{"line":8,"column":19},"end":{"line":10,"column":3}},"3":{"start":{"line":9,"column":4},"end":{"line":9,"column":28}},"4":{"start":{"line":12,"column":2},"end":{"line":24,"column":3}}},"fnMap":{"0":{"name":"(anonymous_0)","decl":{"start":{"line":4,"column":19},"end":{"line":4,"column":20}},"loc":{"start":{"line":4,"column":24},"end":{"line":25,"column":1}},"line":4},"1":{"name":"(anonymous_1)","decl":{"start":{"line":8,"column":19},"end":{"line":8,"column":20}},"loc":{"start":{"line":8,"column":23},"end":{"line":10,"column":3}},"line":8}},"branchMap":{"0":{"loc":{"start":{"line":15,"column":5},"end":{"line":19,"column":7}},"type":"binary-expr","locations":[{"start":{"line":15,"column":5},"end":{"line":15,"column":20}},{"start":{"line":16,"column":4},"end":{"line":19,"column":7}}],"line":15}},"s":{"0":1,"1":3,"2":3,"3":1,"4":3},"f":{"0":3,"1":1},"b":{"0":[3,1]},"_coverageSchema":"1a1c01bbd47fc00a2c39e90264f33305004495a9","hash":"df6911176277cb563c5bd51008a80f39ae8723d2"}
,"E:\\xampp3\\htdocs\\aafm\\code\\aafm-front\\src\\layout\\header\\header.jsx": {"path":"E:\\xampp3\\htdocs\\aafm\\code\\aafm-front\\src\\layout\\header\\header.jsx","statementMap":{"0":{"start":{"line":8,"column":15},"end":{"line":31,"column":1}},"1":{"start":{"line":9,"column":22},"end":{"line":9,"column":104}},"2":{"start":{"line":10,"column":2},"end":{"line":30,"column":3}}},"fnMap":{"0":{"name":"(anonymous_0)","decl":{"start":{"line":8,"column":15},"end":{"line":8,"column":16}},"loc":{"start":{"line":8,"column":20},"end":{"line":31,"column":1}},"line":8}},"branchMap":{},"s":{"0":1,"1":1,"2":1},"f":{"0":1},"b":{},"_coverageSchema":"1a1c01bbd47fc00a2c39e90264f33305004495a9","hash":"363518c5a547dbe3ee9d6c91b0fa566fea94322c"}
,"E:\\xampp3\\htdocs\\aafm\\code\\aafm-front\\src\\views\\content.jsx": {"path":"E:\\xampp3\\htdocs\\aafm\\code\\aafm-front\\src\\views\\content.jsx","statementMap":{"0":{"start":{"line":1,"column":16},"end":{"line":7,"column":1}},"1":{"start":{"line":2,"column":2},"end":{"line":6,"column":3}}},"fnMap":{"0":{"name":"(anonymous_0)","decl":{"start":{"line":1,"column":16},"end":{"line":1,"column":17}},"loc":{"start":{"line":1,"column":20},"end":{"line":7,"column":1}},"line":1}},"branchMap":{},"s":{"0":0,"1":0},"f":{"0":0},"b":{}}
,"E:\\xampp3\\htdocs\\aafm\\code\\aafm-front\\src\\views\\home.jsx": {"path":"E:\\xampp3\\htdocs\\aafm\\code\\aafm-front\\src\\views\\home.jsx","statementMap":{"0":{"start":{"line":6,"column":13},"end":{"line":104,"column":1}},"1":{"start":{"line":7,"column":2},"end":{"line":103,"column":3}}},"fnMap":{"0":{"name":"(anonymous_0)","decl":{"start":{"line":6,"column":13},"end":{"line":6,"column":14}},"loc":{"start":{"line":6,"column":17},"end":{"line":104,"column":1}},"line":6}},"branchMap":{},"s":{"0":0,"1":0},"f":{"0":0},"b":{}}
}
